{"/Users/Zenithy/projects/ledn/ledn-tech-challenge/src/server.ts": {"path":"/Users/Zenithy/projects/ledn/ledn-tech-challenge/src/server.ts","statementMap":{"0":{"start":{"line":1,"column":0},"end":{"line":1,"column":24}},"1":{"start":{"line":2,"column":0},"end":{"line":2,"column":28}},"2":{"start":{"line":3,"column":0},"end":{"line":3,"column":43}},"3":{"start":{"line":4,"column":0},"end":{"line":4,"column":61}},"4":{"start":{"line":5,"column":0},"end":{"line":5,"column":32}},"5":{"start":{"line":6,"column":0},"end":{"line":6,"column":84}},"6":{"start":{"line":8,"column":24},"end":{"line":8,"column":33}},"7":{"start":{"line":13,"column":0},"end":{"line":13,"column":21}},"8":{"start":{"line":14,"column":0},"end":{"line":14,"column":19}},"9":{"start":{"line":15,"column":0},"end":{"line":15,"column":52}},"10":{"start":{"line":16,"column":0},"end":{"line":16,"column":27}},"11":{"start":{"line":18,"column":0},"end":{"line":18,"column":34}},"12":{"start":{"line":23,"column":0},"end":{"line":32,"column":2}},"13":{"start":{"line":34,"column":0},"end":{"line":34,"column":22}}},"fnMap":{},"branchMap":{},"s":{"0":1,"1":1,"2":1,"3":1,"4":1,"5":1,"6":1,"7":1,"8":1,"9":1,"10":1,"11":1,"12":1,"13":1},"f":{},"b":{}}
,"/Users/Zenithy/projects/ledn/ledn-tech-challenge/src/common/classes/http-exception.ts": {"path":"/Users/Zenithy/projects/ledn/ledn-tech-challenge/src/common/classes/http-exception.ts","statementMap":{"0":{"start":{"line":1,"column":0},"end":{"line":1,"column":null}},"1":{"start":{"line":1,"column":43},"end":{"line":1,"column":48}},"2":{"start":{"line":11,"column":4},"end":{"line":11,"column":null}},"3":{"start":{"line":14,"column":4},"end":{"line":14,"column":57}},"4":{"start":{"line":16,"column":4},"end":{"line":16,"column":37}},"5":{"start":{"line":17,"column":4},"end":{"line":17,"column":32}},"6":{"start":{"line":18,"column":4},"end":{"line":18,"column":33}},"7":{"start":{"line":19,"column":4},"end":{"line":19,"column":27}},"8":{"start":{"line":20,"column":4},"end":{"line":20,"column":31}},"9":{"start":{"line":22,"column":0},"end":{"line":22,"column":null}}},"fnMap":{"0":{"name":"(anonymous_6)","decl":{"start":{"line":1,"column":0},"end":{"line":1,"column":43}},"loc":{"start":{"line":1,"column":0},"end":{"line":22,"column":null}}},"1":{"name":"HttpException","decl":{"start":{"line":10,"column":2},"end":{"line":10,"column":14}},"loc":{"start":{"line":10,"column":65},"end":{"line":21,"column":3}}}},"branchMap":{"0":{"loc":{"start":{"line":11,"column":4},"end":{"line":11,"column":null}},"type":"binary-expr","locations":[{"start":{"line":11,"column":4},"end":{"line":11,"column":18}},{"start":{"line":11,"column":18},"end":{"line":11,"column":null}}]},"1":{"loc":{"start":{"line":20,"column":17},"end":{"line":20,"column":30}},"type":"binary-expr","locations":[{"start":{"line":20,"column":17},"end":{"line":20,"column":22}},{"start":{"line":20,"column":26},"end":{"line":20,"column":30}}]}},"s":{"0":1,"1":1,"2":0,"3":0,"4":0,"5":0,"6":0,"7":0,"8":0,"9":1},"f":{"0":1,"1":0},"b":{"0":[0,0],"1":[0,0]}}
,"/Users/Zenithy/projects/ledn/ledn-tech-challenge/src/common/enums/http-status-code.enum.ts": {"path":"/Users/Zenithy/projects/ledn/ledn-tech-challenge/src/common/enums/http-status-code.enum.ts","statementMap":{"0":{"start":{"line":1,"column":0},"end":{"line":1,"column":null}},"1":{"start":{"line":2,"column":2},"end":{"line":2,"column":null}},"2":{"start":{"line":3,"column":2},"end":{"line":3,"column":null}},"3":{"start":{"line":4,"column":2},"end":{"line":4,"column":null}},"4":{"start":{"line":5,"column":2},"end":{"line":5,"column":null}},"5":{"start":{"line":6,"column":2},"end":{"line":6,"column":null}},"6":{"start":{"line":9,"column":0},"end":{"line":9,"column":30}}},"fnMap":{"0":{"name":"(anonymous_0)","decl":{"start":{"line":1,"column":0},"end":{"line":1,"column":5}},"loc":{"start":{"line":1,"column":19},"end":{"line":7,"column":1}}}},"branchMap":{"0":{"loc":{"start":{"line":1,"column":5},"end":{"line":1,"column":null}},"type":"binary-expr","locations":[{"start":{"line":1,"column":5},"end":{"line":1,"column":19}},{"start":{"line":1,"column":5},"end":{"line":1,"column":null}}]}},"s":{"0":1,"1":1,"2":1,"3":1,"4":1,"5":1,"6":1},"f":{"0":1},"b":{"0":[1,1]}}
,"/Users/Zenithy/projects/ledn/ledn-tech-challenge/src/common/middlewares/get-api-secret.middleware.ts": {"path":"/Users/Zenithy/projects/ledn/ledn-tech-challenge/src/common/middlewares/get-api-secret.middleware.ts","statementMap":{"0":{"start":{"line":1,"column":0},"end":{"line":1,"column":30}},"1":{"start":{"line":3,"column":0},"end":{"line":12,"column":null}},"2":{"start":{"line":7,"column":4},"end":{"line":9,"column":null}},"3":{"start":{"line":8,"column":8},"end":{"line":8,"column":30}},"4":{"start":{"line":11,"column":4},"end":{"line":11,"column":22}}},"fnMap":{"0":{"name":"(anonymous_0)","decl":{"start":{"line":3,"column":15},"end":{"line":3,"column":null}},"loc":{"start":{"line":5,"column":91},"end":{"line":12,"column":1}}}},"branchMap":{"0":{"loc":{"start":{"line":7,"column":4},"end":{"line":9,"column":null}},"type":"if","locations":[{"start":{"line":7,"column":4},"end":{"line":9,"column":null}}]}},"s":{"0":1,"1":1,"2":2,"3":2,"4":0},"f":{"0":2},"b":{"0":[2]}}
,"/Users/Zenithy/projects/ledn/ledn-tech-challenge/src/common/middlewares/req-validation.middleware.ts": {"path":"/Users/Zenithy/projects/ledn/ledn-tech-challenge/src/common/middlewares/req-validation.middleware.ts","statementMap":{"0":{"start":{"line":2,"column":0},"end":{"line":2,"column":56}},"1":{"start":{"line":5,"column":0},"end":{"line":24,"column":null}},"2":{"start":{"line":6,"column":4},"end":{"line":23,"column":6}},"3":{"start":{"line":6,"column":63},"end":{"line":23,"column":6}},"4":{"start":{"line":8,"column":64},"end":{"line":8,"column":122}},"5":{"start":{"line":8,"column":18},"end":{"line":8,"column":null}},"6":{"start":{"line":9,"column":18},"end":{"line":15,"column":15}},"7":{"start":{"line":10,"column":16},"end":{"line":14,"column":null}},"8":{"start":{"line":11,"column":20},"end":{"line":11,"column":75}},"9":{"start":{"line":13,"column":20},"end":{"line":13,"column":32}},"10":{"start":{"line":17,"column":12},"end":{"line":19,"column":null}},"11":{"start":{"line":18,"column":16},"end":{"line":18,"column":23}},"12":{"start":{"line":21,"column":12},"end":{"line":21,"column":71}}},"fnMap":{"0":{"name":"(anonymous_13)","decl":{"start":{"line":5,"column":15},"end":{"line":5,"column":16}},"loc":{"start":{"line":5,"column":30},"end":{"line":24,"column":1}}},"1":{"name":"(anonymous_14)","decl":{"start":{"line":6,"column":11},"end":{"line":6,"column":18}},"loc":{"start":{"line":6,"column":63},"end":{"line":23,"column":6}}},"2":{"name":"(anonymous_15)","decl":{"start":{"line":6,"column":63},"end":{"line":6,"column":null}},"loc":{"start":{"line":6,"column":63},"end":{"line":23,"column":6}}},"3":{"name":"(anonymous_17)","decl":{"start":{"line":9,"column":70},"end":{"line":9,"column":71}},"loc":{"start":{"line":9,"column":107},"end":{"line":15,"column":13}}}},"branchMap":{"0":{"loc":{"start":{"line":10,"column":16},"end":{"line":14,"column":null}},"type":"if","locations":[{"start":{"line":10,"column":16},"end":{"line":14,"column":null}}]},"1":{"loc":{"start":{"line":17,"column":12},"end":{"line":19,"column":null}},"type":"if","locations":[{"start":{"line":17,"column":12},"end":{"line":19,"column":null}}]}},"s":{"0":1,"1":1,"2":1,"3":2,"4":2,"5":2,"6":2,"7":2,"8":0,"9":0,"10":2,"11":2,"12":0},"f":{"0":1,"1":2,"2":2,"3":2},"b":{"0":[0],"1":[2]}}
,"/Users/Zenithy/projects/ledn/ledn-tech-challenge/src/data/datasources/mongoose/mongoose-db-connection.ts": {"path":"/Users/Zenithy/projects/ledn/ledn-tech-challenge/src/data/datasources/mongoose/mongoose-db-connection.ts","statementMap":{"0":{"start":{"line":1,"column":0},"end":{"line":1,"column":47}},"1":{"start":{"line":3,"column":0},"end":{"line":3,"column":null}},"2":{"start":{"line":10,"column":8},"end":{"line":10,"column":33}},"3":{"start":{"line":13,"column":17},"end":{"line":19,"column":null}},"4":{"start":{"line":14,"column":12},"end":{"line":14,"column":13}},"5":{"start":{"line":15,"column":12},"end":{"line":15,"column":17}},"6":{"start":{"line":15,"column":30},"end":{"line":15,"column":51}},"7":{"start":{"line":15,"column":12},"end":{"line":15,"column":51}},"8":{"start":{"line":18,"column":8},"end":{"line":18,"column":31}},"9":{"start":{"line":21,"column":17},"end":{"line":23,"column":null}},"10":{"start":{"line":22,"column":8},"end":{"line":22,"column":40}},"11":{"start":{"line":25,"column":18},"end":{"line":43,"column":null}},"12":{"start":{"line":26,"column":31},"end":{"line":32,"column":null}},"13":{"start":{"line":26,"column":16},"end":{"line":26,"column":31}},"14":{"start":{"line":34,"column":8},"end":{"line":40,"column":10}},"15":{"start":{"line":42,"column":8},"end":{"line":42,"column":26}},"16":{"start":{"line":45,"column":18},"end":{"line":51,"column":null}},"17":{"start":{"line":46,"column":8},"end":{"line":48,"column":null}},"18":{"start":{"line":47,"column":12},"end":{"line":47,"column":80}},"19":{"start":{"line":50,"column":8},"end":{"line":50,"column":46}},"20":{"start":{"line":52,"column":0},"end":{"line":52,"column":null}}},"fnMap":{"0":{"name":"(anonymous_13)","decl":{"start":{"line":3,"column":0},"end":{"line":3,"column":null}},"loc":{"start":{"line":3,"column":0},"end":{"line":52,"column":null}}},"1":{"name":"MongooseDBConnection","decl":{"start":{"line":9,"column":4},"end":{"line":9,"column":24}},"loc":{"start":{"line":9,"column":40},"end":{"line":11,"column":5}}},"2":{"name":"(anonymous_15)","decl":{"start":{"line":13,"column":4},"end":{"line":13,"column":17}},"loc":{"start":{"line":13,"column":4},"end":{"line":19,"column":null}}},"3":{"name":"(anonymous_18)","decl":{"start":{"line":21,"column":4},"end":{"line":21,"column":17}},"loc":{"start":{"line":21,"column":4},"end":{"line":23,"column":null}}},"4":{"name":"(anonymous_21)","decl":{"start":{"line":25,"column":4},"end":{"line":25,"column":18}},"loc":{"start":{"line":25,"column":4},"end":{"line":43,"column":null}}},"5":{"name":"(anonymous_24)","decl":{"start":{"line":45,"column":4},"end":{"line":45,"column":18}},"loc":{"start":{"line":45,"column":46},"end":{"line":51,"column":5}}}},"branchMap":{"0":{"loc":{"start":{"line":18,"column":8},"end":{"line":18,"column":31}},"type":"switch","locations":[{"start":{"line":18,"column":8},"end":{"line":18,"column":31}}]},"1":{"loc":{"start":{"line":14,"column":12},"end":{"line":14,"column":13}},"type":"if","locations":[{"start":{"line":14,"column":12},"end":{"line":14,"column":13}}]},"2":{"loc":{"start":{"line":22,"column":15},"end":{"line":22,"column":39}},"type":"cond-expr","locations":[{"start":{"line":22,"column":30},"end":{"line":22,"column":32}},{"start":{"line":22,"column":30},"end":{"line":22,"column":39}}]},"3":{"loc":{"start":{"line":22,"column":15},"end":{"line":22,"column":32}},"type":"binary-expr","locations":[{"start":{"line":22,"column":15},"end":{"line":22,"column":32}},{"start":{"line":22,"column":30},"end":{"line":22,"column":32}}]},"4":{"loc":{"start":{"line":26,"column":31},"end":{"line":32,"column":null}},"type":"switch","locations":[{"start":{"line":26,"column":31},"end":{"line":32,"column":null}}]},"5":{"loc":{"start":{"line":46,"column":8},"end":{"line":48,"column":null}},"type":"if","locations":[{"start":{"line":46,"column":8},"end":{"line":48,"column":null}}]}},"s":{"0":1,"1":1,"2":1,"3":1,"4":3,"5":1,"6":1,"7":1,"8":2,"9":1,"10":1,"11":1,"12":1,"13":1,"14":1,"15":1,"16":1,"17":1,"18":1,"19":1,"20":1},"f":{"0":1,"1":1,"2":2,"3":1,"4":1,"5":1},"b":{"0":[2],"1":[1],"2":[0,1],"3":[1,1],"4":[1],"5":[1]}}
,"/Users/Zenithy/projects/ledn/ledn-tech-challenge/src/data/datasources/mongoose/schema-get-amount.ts": {"path":"/Users/Zenithy/projects/ledn/ledn-tech-challenge/src/data/datasources/mongoose/schema-get-amount.ts","statementMap":{"0":{"start":{"line":3,"column":0},"end":{"line":9,"column":2}},"1":{"start":{"line":4,"column":4},"end":{"line":6,"column":null}},"2":{"start":{"line":5,"column":8},"end":{"line":5,"column":44}},"3":{"start":{"line":8,"column":4},"end":{"line":8,"column":13}}},"fnMap":{"0":{"name":"(anonymous_0)","decl":{"start":{"line":3,"column":15},"end":{"line":3,"column":16}},"loc":{"start":{"line":3,"column":40},"end":{"line":9,"column":1}}}},"branchMap":{"0":{"loc":{"start":{"line":4,"column":4},"end":{"line":6,"column":null}},"type":"if","locations":[{"start":{"line":4,"column":4},"end":{"line":6,"column":null}}]}},"s":{"0":3,"1":4,"2":3,"3":1},"f":{"0":4},"b":{"0":[3]}}
,"/Users/Zenithy/projects/ledn/ledn-tech-challenge/src/data/datasources/mongoose/account/account-impl.datasource.ts": {"path":"/Users/Zenithy/projects/ledn/ledn-tech-challenge/src/data/datasources/mongoose/account/account-impl.datasource.ts","statementMap":{"0":{"start":{"line":4,"column":0},"end":{"line":4,"column":50}},"1":{"start":{"line":6,"column":0},"end":{"line":6,"column":null}},"2":{"start":{"line":7,"column":10},"end":{"line":9,"column":null}},"3":{"start":{"line":8,"column":8},"end":{"line":8,"column":66}},"4":{"start":{"line":11,"column":10},"end":{"line":13,"column":null}},"5":{"start":{"line":12,"column":16},"end":{"line":12,"column":57}},"6":{"start":{"line":12,"column":8},"end":{"line":12,"column":84}},"7":{"start":{"line":15,"column":10},"end":{"line":21,"column":null}},"8":{"start":{"line":20,"column":18},"end":{"line":20,"column":76}},"9":{"start":{"line":20,"column":8},"end":{"line":20,"column":91}},"10":{"start":{"line":23,"column":10},"end":{"line":37,"column":null}},"11":{"start":{"line":29,"column":8},"end":{"line":36,"column":32}},"12":{"start":{"line":39,"column":4},"end":{"line":63,"column":null}},"13":{"start":{"line":45,"column":8},"end":{"line":62,"column":10}},"14":{"start":{"line":64,"column":0},"end":{"line":64,"column":null}}},"fnMap":{"0":{"name":"(anonymous_14)","decl":{"start":{"line":6,"column":0},"end":{"line":6,"column":null}},"loc":{"start":{"line":6,"column":0},"end":{"line":64,"column":null}}},"1":{"name":"(anonymous_16)","decl":{"start":{"line":7,"column":4},"end":{"line":7,"column":10}},"loc":{"start":{"line":7,"column":43},"end":{"line":9,"column":null}}},"2":{"name":"(anonymous_19)","decl":{"start":{"line":11,"column":4},"end":{"line":11,"column":10}},"loc":{"start":{"line":11,"column":33},"end":{"line":13,"column":null}}},"3":{"name":"(anonymous_22)","decl":{"start":{"line":15,"column":4},"end":{"line":15,"column":10}},"loc":{"start":{"line":18,"column":31},"end":{"line":21,"column":null}}},"4":{"name":"(anonymous_25)","decl":{"start":{"line":23,"column":4},"end":{"line":23,"column":10}},"loc":{"start":{"line":27,"column":39},"end":{"line":37,"column":null}}},"5":{"name":"(anonymous_28)","decl":{"start":{"line":39,"column":4},"end":{"line":39,"column":20}},"loc":{"start":{"line":43,"column":39},"end":{"line":63,"column":5}}}},"branchMap":{"0":{"loc":{"start":{"line":12,"column":16},"end":{"line":12,"column":57}},"type":"switch","locations":[{"start":{"line":12,"column":16},"end":{"line":12,"column":57}},{"start":{"line":12,"column":8},"end":{"line":12,"column":84}}]},"1":{"loc":{"start":{"line":20,"column":18},"end":{"line":20,"column":76}},"type":"switch","locations":[{"start":{"line":20,"column":18},"end":{"line":20,"column":76}},{"start":{"line":20,"column":8},"end":{"line":20,"column":91}}]}},"s":{"0":1,"1":1,"2":1,"3":0,"4":1,"5":0,"6":0,"7":1,"8":0,"9":0,"10":1,"11":0,"12":1,"13":0,"14":1},"f":{"0":2,"1":0,"2":0,"3":0,"4":0,"5":0},"b":{"0":[0,0],"1":[0,0]}}
,"/Users/Zenithy/projects/ledn/ledn-tech-challenge/src/data/datasources/mongoose/account/models/account.model.ts": {"path":"/Users/Zenithy/projects/ledn/ledn-tech-challenge/src/data/datasources/mongoose/account/models/account.model.ts","statementMap":{"0":{"start":{"line":1,"column":0},"end":{"line":1,"column":41}},"1":{"start":{"line":2,"column":0},"end":{"line":2,"column":56}},"2":{"start":{"line":5,"column":0},"end":{"line":5,"column":54}},"3":{"start":{"line":8,"column":6},"end":{"line":29,"column":null}},"4":{"start":{"line":33,"column":0},"end":{"line":33,"column":42}},"5":{"start":{"line":36,"column":6},"end":{"line":36,"column":77}},"6":{"start":{"line":38,"column":0},"end":{"line":38,"column":28}}},"fnMap":{},"branchMap":{},"s":{"0":2,"1":2,"2":2,"3":2,"4":2,"5":2,"6":2},"f":{},"b":{}}
,"/Users/Zenithy/projects/ledn/ledn-tech-challenge/src/data/datasources/mongoose/account/schemas/get-account.schema.ts": {"path":"/Users/Zenithy/projects/ledn/ledn-tech-challenge/src/data/datasources/mongoose/account/schemas/get-account.schema.ts","statementMap":{"0":{"start":{"line":3,"column":33},"end":{"line":40,"column":null}},"1":{"start":{"line":42,"column":0},"end":{"line":42,"column":32}}},"fnMap":{},"branchMap":{},"s":{"0":1,"1":1},"f":{},"b":{}}
,"/Users/Zenithy/projects/ledn/ledn-tech-challenge/src/data/datasources/mongoose/transaction/transaction-impl.datasource.ts": {"path":"/Users/Zenithy/projects/ledn/ledn-tech-challenge/src/data/datasources/mongoose/transaction/transaction-impl.datasource.ts","statementMap":{"0":{"start":{"line":5,"column":0},"end":{"line":5,"column":58}},"1":{"start":{"line":8,"column":0},"end":{"line":8,"column":null}},"2":{"start":{"line":9,"column":10},"end":{"line":15,"column":null}},"3":{"start":{"line":10,"column":8},"end":{"line":14,"column":37}},"4":{"start":{"line":17,"column":18},"end":{"line":20,"column":null}},"5":{"start":{"line":19,"column":8},"end":{"line":19,"column":69}},"6":{"start":{"line":22,"column":10},"end":{"line":24,"column":null}},"7":{"start":{"line":23,"column":16},"end":{"line":23,"column":48}},"8":{"start":{"line":23,"column":8},"end":{"line":23,"column":77}},"9":{"start":{"line":84,"column":0},"end":{"line":84,"column":null}}},"fnMap":{"0":{"name":"(anonymous_14)","decl":{"start":{"line":8,"column":0},"end":{"line":8,"column":null}},"loc":{"start":{"line":8,"column":0},"end":{"line":84,"column":null}}},"1":{"name":"(anonymous_16)","decl":{"start":{"line":9,"column":4},"end":{"line":9,"column":10}},"loc":{"start":{"line":9,"column":35},"end":{"line":15,"column":null}}},"2":{"name":"(anonymous_19)","decl":{"start":{"line":17,"column":4},"end":{"line":17,"column":18}},"loc":{"start":{"line":17,"column":75},"end":{"line":20,"column":null}}},"3":{"name":"(anonymous_22)","decl":{"start":{"line":22,"column":4},"end":{"line":22,"column":10}},"loc":{"start":{"line":22,"column":41},"end":{"line":24,"column":null}}}},"branchMap":{"0":{"loc":{"start":{"line":23,"column":16},"end":{"line":23,"column":48}},"type":"switch","locations":[{"start":{"line":23,"column":16},"end":{"line":23,"column":48}},{"start":{"line":23,"column":8},"end":{"line":23,"column":77}}]}},"s":{"0":1,"1":1,"2":1,"3":1,"4":1,"5":1,"6":1,"7":1,"8":1,"9":1},"f":{"0":3,"1":1,"2":1,"3":1},"b":{"0":[1,1]}}
,"/Users/Zenithy/projects/ledn/ledn-tech-challenge/src/data/datasources/mongoose/transaction/models/transaction.model.ts": {"path":"/Users/Zenithy/projects/ledn/ledn-tech-challenge/src/data/datasources/mongoose/transaction/models/transaction.model.ts","statementMap":{"0":{"start":{"line":1,"column":0},"end":{"line":1,"column":41}},"1":{"start":{"line":2,"column":0},"end":{"line":2,"column":56}},"2":{"start":{"line":3,"column":0},"end":{"line":3,"column":92}},"3":{"start":{"line":6,"column":0},"end":{"line":6,"column":54}},"4":{"start":{"line":9,"column":6},"end":{"line":39,"column":null}},"5":{"start":{"line":43,"column":0},"end":{"line":43,"column":46}},"6":{"start":{"line":46,"column":0},"end":{"line":54,"column":2}},"7":{"start":{"line":57,"column":6},"end":{"line":57,"column":93}},"8":{"start":{"line":59,"column":0},"end":{"line":59,"column":32}}},"fnMap":{},"branchMap":{},"s":{"0":1,"1":1,"2":1,"3":1,"4":1,"5":1,"6":1,"7":1,"8":1},"f":{},"b":{}}
,"/Users/Zenithy/projects/ledn/ledn-tech-challenge/src/domain/account/account.controller.ts": {"path":"/Users/Zenithy/projects/ledn/ledn-tech-challenge/src/domain/account/account.controller.ts","statementMap":{"0":{"start":{"line":2,"column":0},"end":{"line":2,"column":64}},"1":{"start":{"line":3,"column":0},"end":{"line":3,"column":70}},"2":{"start":{"line":8,"column":0},"end":{"line":8,"column":null}},"3":{"start":{"line":9,"column":33},"end":{"line":9,"column":63}},"4":{"start":{"line":11,"column":10},"end":{"line":29,"column":null}},"5":{"start":{"line":13,"column":12},"end":{"line":13,"column":null}},"6":{"start":{"line":17,"column":37},"end":{"line":17,"column":null}},"7":{"start":{"line":17,"column":18},"end":{"line":17,"column":null}},"8":{"start":{"line":19,"column":12},"end":{"line":19,"column":55}},"9":{"start":{"line":21,"column":12},"end":{"line":27,"column":null}},"10":{"start":{"line":22,"column":16},"end":{"line":23,"column":68}},"11":{"start":{"line":25,"column":16},"end":{"line":26,"column":80}},"12":{"start":{"line":30,"column":0},"end":{"line":30,"column":null}}},"fnMap":{"0":{"name":"(anonymous_14)","decl":{"start":{"line":8,"column":0},"end":{"line":8,"column":null}},"loc":{"start":{"line":8,"column":0},"end":{"line":30,"column":null}}},"1":{"name":"AccountController","decl":{"start":{"line":9,"column":4},"end":{"line":9,"column":33}},"loc":{"start":{"line":9,"column":63},"end":{"line":9,"column":68}}},"2":{"name":"(anonymous_16)","decl":{"start":{"line":11,"column":4},"end":{"line":11,"column":10}},"loc":{"start":{"line":11,"column":48},"end":{"line":29,"column":null}}}},"branchMap":{"0":{"loc":{"start":{"line":21,"column":12},"end":{"line":27,"column":null}},"type":"if","locations":[{"start":{"line":21,"column":12},"end":{"line":27,"column":null}},{"start":{"line":24,"column":19},"end":{"line":27,"column":null}}]}},"s":{"0":1,"1":1,"2":1,"3":1,"4":1,"5":2,"6":2,"7":2,"8":1,"9":1,"10":0,"11":1,"12":1},"f":{"0":1,"1":1,"2":2},"b":{"0":[0,1]}}
,"/Users/Zenithy/projects/ledn/ledn-tech-challenge/src/domain/account/account.router.ts": {"path":"/Users/Zenithy/projects/ledn/ledn-tech-challenge/src/domain/account/account.router.ts","statementMap":{"0":{"start":{"line":1,"column":0},"end":{"line":1,"column":61}},"1":{"start":{"line":2,"column":0},"end":{"line":2,"column":32}},"2":{"start":{"line":3,"column":0},"end":{"line":3,"column":89}},"3":{"start":{"line":4,"column":0},"end":{"line":4,"column":98}},"4":{"start":{"line":9,"column":0},"end":{"line":23,"column":null}},"5":{"start":{"line":10,"column":34},"end":{"line":10,"column":50}},"6":{"start":{"line":15,"column":4},"end":{"line":20,"column":6}},"7":{"start":{"line":19,"column":41},"end":{"line":19,"column":null}},"8":{"start":{"line":22,"column":4},"end":{"line":22,"column":25}}},"fnMap":{"0":{"name":"(anonymous_1)","decl":{"start":{"line":9,"column":15},"end":{"line":9,"column":16}},"loc":{"start":{"line":9,"column":52},"end":{"line":23,"column":1}}},"1":{"name":"(anonymous_2)","decl":{"start":{"line":19,"column":8},"end":{"line":19,"column":9}},"loc":{"start":{"line":19,"column":36},"end":{"line":19,"column":58}}}},"branchMap":{},"s":{"0":1,"1":1,"2":1,"3":1,"4":1,"5":1,"6":1,"7":2,"8":1},"f":{"0":1,"1":2},"b":{}}
,"/Users/Zenithy/projects/ledn/ledn-tech-challenge/src/domain/account/account.service.ts": {"path":"/Users/Zenithy/projects/ledn/ledn-tech-challenge/src/domain/account/account.service.ts","statementMap":{"0":{"start":{"line":1,"column":0},"end":{"line":1,"column":64}},"1":{"start":{"line":2,"column":0},"end":{"line":2,"column":70}},"2":{"start":{"line":6,"column":0},"end":{"line":6,"column":null}},"3":{"start":{"line":7,"column":33},"end":{"line":7,"column":69}},"4":{"start":{"line":9,"column":10},"end":{"line":20,"column":null}},"5":{"start":{"line":10,"column":40},"end":{"line":10,"column":null}},"6":{"start":{"line":10,"column":14},"end":{"line":10,"column":null}},"7":{"start":{"line":12,"column":8},"end":{"line":17,"column":null}},"8":{"start":{"line":13,"column":12},"end":{"line":16,"column":14}},"9":{"start":{"line":19,"column":8},"end":{"line":19,"column":23}},"10":{"start":{"line":21,"column":0},"end":{"line":21,"column":null}}},"fnMap":{"0":{"name":"(anonymous_14)","decl":{"start":{"line":6,"column":0},"end":{"line":6,"column":null}},"loc":{"start":{"line":6,"column":0},"end":{"line":21,"column":null}}},"1":{"name":"AccountService","decl":{"start":{"line":7,"column":4},"end":{"line":7,"column":33}},"loc":{"start":{"line":7,"column":69},"end":{"line":7,"column":74}}},"2":{"name":"(anonymous_16)","decl":{"start":{"line":9,"column":4},"end":{"line":9,"column":10}},"loc":{"start":{"line":9,"column":45},"end":{"line":20,"column":null}}}},"branchMap":{"0":{"loc":{"start":{"line":10,"column":40},"end":{"line":10,"column":null}},"type":"switch","locations":[{"start":{"line":10,"column":40},"end":{"line":10,"column":null}}]},"1":{"loc":{"start":{"line":12,"column":8},"end":{"line":17,"column":null}},"type":"if","locations":[{"start":{"line":12,"column":8},"end":{"line":17,"column":null}}]}},"s":{"0":1,"1":1,"2":1,"3":1,"4":1,"5":2,"6":2,"7":1,"8":0,"9":1,"10":1},"f":{"0":1,"1":1,"2":2},"b":{"0":[2],"1":[0]}}
,"/Users/Zenithy/projects/ledn/ledn-tech-challenge/src/domain/transaction/enums/transaction-type.enum.ts": {"path":"/Users/Zenithy/projects/ledn/ledn-tech-challenge/src/domain/transaction/enums/transaction-type.enum.ts","statementMap":{"0":{"start":{"line":1,"column":0},"end":{"line":1,"column":null}},"1":{"start":{"line":2,"column":4},"end":{"line":2,"column":null}},"2":{"start":{"line":3,"column":4},"end":{"line":3,"column":null}},"3":{"start":{"line":6,"column":0},"end":{"line":6,"column":31}}},"fnMap":{"0":{"name":"(anonymous_0)","decl":{"start":{"line":1,"column":0},"end":{"line":1,"column":5}},"loc":{"start":{"line":1,"column":20},"end":{"line":4,"column":1}}}},"branchMap":{"0":{"loc":{"start":{"line":1,"column":5},"end":{"line":1,"column":null}},"type":"binary-expr","locations":[{"start":{"line":1,"column":5},"end":{"line":1,"column":20}},{"start":{"line":1,"column":5},"end":{"line":1,"column":null}}]}},"s":{"0":1,"1":1,"2":1,"3":1},"f":{"0":1},"b":{"0":[1,1]}}
}
