TN:
SF:src/server.ts
FNF:0
FNH:0
DA:1,1
DA:2,1
DA:3,1
DA:4,1
DA:5,1
DA:6,1
DA:8,1
DA:13,1
DA:14,1
DA:15,1
DA:16,1
DA:18,1
DA:23,1
DA:34,1
LF:14
LH:14
BRF:0
BRH:0
end_of_record
TN:
SF:src/common/classes/http-exception.ts
FN:1,(anonymous_6)
FN:10,HttpException
FNF:2
FNH:1
FNDA:1,(anonymous_6)
FNDA:0,HttpException
DA:1,1
DA:11,0
DA:14,0
DA:16,0
DA:17,0
DA:18,0
DA:19,0
DA:20,0
DA:22,1
LF:9
LH:2
BRDA:11,0,0,0
BRDA:11,0,1,0
BRDA:20,1,0,0
BRDA:20,1,1,0
BRF:4
BRH:0
end_of_record
TN:
SF:src/common/enums/http-status-code.enum.ts
FN:1,(anonymous_0)
FNF:1
FNH:1
FNDA:1,(anonymous_0)
DA:1,1
DA:2,1
DA:3,1
DA:4,1
DA:5,1
DA:6,1
DA:9,1
LF:7
LH:7
BRDA:1,0,0,1
BRDA:1,0,1,1
BRF:2
BRH:2
end_of_record
TN:
SF:src/common/middlewares/get-api-secret.middleware.ts
FN:3,(anonymous_0)
FNF:1
FNH:1
FNDA:2,(anonymous_0)
DA:1,1
DA:3,1
DA:7,2
DA:8,2
DA:11,0
LF:5
LH:4
BRDA:7,0,0,2
BRF:1
BRH:1
end_of_record
TN:
SF:src/common/middlewares/req-validation.middleware.ts
FN:5,(anonymous_13)
FN:6,(anonymous_14)
FN:6,(anonymous_15)
FN:9,(anonymous_17)
FNF:4
FNH:4
FNDA:1,(anonymous_13)
FNDA:2,(anonymous_14)
FNDA:2,(anonymous_15)
FNDA:2,(anonymous_17)
DA:2,1
DA:5,1
DA:6,2
DA:8,2
DA:9,2
DA:10,2
DA:11,0
DA:13,0
DA:17,2
DA:18,2
DA:21,0
LF:11
LH:8
BRDA:10,0,0,0
BRDA:17,1,0,2
BRF:2
BRH:1
end_of_record
TN:
SF:src/data/datasources/mongoose/mongoose-db-connection.ts
FN:3,(anonymous_13)
FN:9,MongooseDBConnection
FN:13,(anonymous_15)
FN:21,(anonymous_18)
FN:25,(anonymous_21)
FN:45,(anonymous_24)
FNF:6
FNH:6
FNDA:1,(anonymous_13)
FNDA:1,MongooseDBConnection
FNDA:2,(anonymous_15)
FNDA:1,(anonymous_18)
FNDA:1,(anonymous_21)
FNDA:1,(anonymous_24)
DA:1,1
DA:3,1
DA:10,1
DA:13,1
DA:14,3
DA:15,1
DA:18,2
DA:21,1
DA:22,1
DA:25,1
DA:26,1
DA:34,1
DA:42,1
DA:45,1
DA:46,1
DA:47,1
DA:50,1
DA:52,1
LF:18
LH:18
BRDA:18,0,0,2
BRDA:14,1,0,1
BRDA:22,2,0,0
BRDA:22,2,1,1
BRDA:22,3,0,1
BRDA:22,3,1,1
BRDA:26,4,0,1
BRDA:46,5,0,1
BRF:8
BRH:7
end_of_record
TN:
SF:src/data/datasources/mongoose/schema-get-amount.ts
FN:3,(anonymous_0)
FNF:1
FNH:1
FNDA:4,(anonymous_0)
DA:3,3
DA:4,4
DA:5,3
DA:8,1
LF:4
LH:4
BRDA:4,0,0,3
BRF:1
BRH:1
end_of_record
TN:
SF:src/data/datasources/mongoose/account/account-impl.datasource.ts
FN:6,(anonymous_14)
FN:7,(anonymous_16)
FN:11,(anonymous_19)
FN:15,(anonymous_22)
FN:23,(anonymous_25)
FN:39,(anonymous_28)
FNF:6
FNH:1
FNDA:2,(anonymous_14)
FNDA:0,(anonymous_16)
FNDA:0,(anonymous_19)
FNDA:0,(anonymous_22)
FNDA:0,(anonymous_25)
FNDA:0,(anonymous_28)
DA:4,1
DA:6,1
DA:7,1
DA:8,0
DA:11,1
DA:12,0
DA:15,1
DA:20,0
DA:23,1
DA:29,0
DA:39,1
DA:45,0
DA:64,1
LF:13
LH:8
BRDA:12,0,0,0
BRDA:12,0,1,0
BRDA:20,1,0,0
BRDA:20,1,1,0
BRF:4
BRH:0
end_of_record
TN:
SF:src/data/datasources/mongoose/account/models/account.model.ts
FNF:0
FNH:0
DA:1,2
DA:2,2
DA:5,2
DA:8,2
DA:33,2
DA:36,2
DA:38,2
LF:7
LH:7
BRF:0
BRH:0
end_of_record
TN:
SF:src/data/datasources/mongoose/account/schemas/get-account.schema.ts
FNF:0
FNH:0
DA:3,1
DA:42,1
LF:2
LH:2
BRF:0
BRH:0
end_of_record
TN:
SF:src/data/datasources/mongoose/transaction/transaction-impl.datasource.ts
FN:8,(anonymous_14)
FN:9,(anonymous_16)
FN:17,(anonymous_19)
FN:22,(anonymous_22)
FNF:4
FNH:4
FNDA:3,(anonymous_14)
FNDA:1,(anonymous_16)
FNDA:1,(anonymous_19)
FNDA:1,(anonymous_22)
DA:5,1
DA:8,1
DA:9,1
DA:10,1
DA:17,1
DA:19,1
DA:22,1
DA:23,1
DA:84,1
LF:9
LH:9
BRDA:23,0,0,1
BRDA:23,0,1,1
BRF:2
BRH:2
end_of_record
TN:
SF:src/data/datasources/mongoose/transaction/models/transaction.model.ts
FNF:0
FNH:0
DA:1,1
DA:2,1
DA:3,1
DA:6,1
DA:9,1
DA:43,1
DA:46,1
DA:57,1
DA:59,1
LF:9
LH:9
BRF:0
BRH:0
end_of_record
TN:
SF:src/domain/account/account.controller.ts
FN:8,(anonymous_14)
FN:9,AccountController
FN:11,(anonymous_16)
FNF:3
FNH:3
FNDA:1,(anonymous_14)
FNDA:1,AccountController
FNDA:2,(anonymous_16)
DA:2,1
DA:3,1
DA:8,1
DA:9,1
DA:11,1
DA:13,2
DA:17,2
DA:19,1
DA:21,1
DA:22,0
DA:25,1
DA:30,1
LF:12
LH:11
BRDA:21,0,0,0
BRDA:21,0,1,1
BRF:2
BRH:1
end_of_record
TN:
SF:src/domain/account/account.router.ts
FN:9,(anonymous_1)
FN:19,(anonymous_2)
FNF:2
FNH:2
FNDA:1,(anonymous_1)
FNDA:2,(anonymous_2)
DA:1,1
DA:2,1
DA:3,1
DA:4,1
DA:9,1
DA:10,1
DA:15,1
DA:19,2
DA:22,1
LF:9
LH:9
BRF:0
BRH:0
end_of_record
TN:
SF:src/domain/account/account.service.ts
FN:6,(anonymous_14)
FN:7,AccountService
FN:9,(anonymous_16)
FNF:3
FNH:3
FNDA:1,(anonymous_14)
FNDA:1,AccountService
FNDA:2,(anonymous_16)
DA:1,1
DA:2,1
DA:6,1
DA:7,1
DA:9,1
DA:10,2
DA:12,1
DA:13,0
DA:19,1
DA:21,1
LF:10
LH:9
BRDA:10,0,0,2
BRDA:12,1,0,0
BRF:2
BRH:1
end_of_record
TN:
SF:src/domain/transaction/enums/transaction-type.enum.ts
FN:1,(anonymous_0)
FNF:1
FNH:1
FNDA:1,(anonymous_0)
DA:1,1
DA:2,1
DA:3,1
DA:6,1
LF:4
LH:4
BRDA:1,0,0,1
BRDA:1,0,1,1
BRF:2
BRH:2
end_of_record
